-------------------------------------------------------------------------------
Test set: runner.Runner
-------------------------------------------------------------------------------
Tests run: 14, Failures: 1, Errors: 0, Skipped: 0, Time elapsed: 77.331 s <<< FAILURE! - in runner.Runner
Verify The Customer Order List.Verify The Order List  Time elapsed: 7.74 s  <<< FAILURE!
org.junit.ComparisonFailure: expected:<Order [is ]List> but was:<Order []List>

